#! /c/Source/iverilog-install/bin/vvp
:ivl_version "12.0 (devel)" "(s20150603-1110-g18392a46)";
:ivl_delay_selection "TYPICAL";
:vpi_time_precision - 12;
:vpi_module "C:\iverilog\lib\ivl\system.vpi";
:vpi_module "C:\iverilog\lib\ivl\vhdl_sys.vpi";
:vpi_module "C:\iverilog\lib\ivl\vhdl_textio.vpi";
:vpi_module "C:\iverilog\lib\ivl\v2005_math.vpi";
:vpi_module "C:\iverilog\lib\ivl\va_math.vpi";
S_000001d51a9a2740 .scope module, "ALU_Ctrl" "ALU_Ctrl" 2 8;
 .timescale -9 -12;
    .port_info 0 /INPUT 4 "instr";
    .port_info 1 /INPUT 2 "ALUOp";
    .port_info 2 /OUTPUT 4 "ALU_Ctrl_o";
o000001d51a9d6fa8 .functor BUFZ 2, C4<zz>; HiZ drive
v000001d51a9a3020_0 .net "ALUOp", 1 0, o000001d51a9d6fa8;  0 drivers
v000001d51a9891c0_0 .var "ALU_Ctrl_o", 3 0;
v000001d51a9a28d0_0 .net "func3", 2 0, L_000001d51a9a2ab0;  1 drivers
v000001d51a9a2970_0 .net "func7_1bit", 0 0, L_000001d51a9a2b50;  1 drivers
o000001d51a9d7068 .functor BUFZ 4, C4<zzzz>; HiZ drive
v000001d51a9a2a10_0 .net "instr", 3 0, o000001d51a9d7068;  0 drivers
E_000001d51a98c290 .event anyedge, v000001d51a9a3020_0, v000001d51a9a28d0_0, v000001d51a9a2970_0;
L_000001d51a9a2ab0 .part o000001d51a9d7068, 0, 3;
L_000001d51a9a2b50 .part o000001d51a9d7068, 3, 1;
    .scope S_000001d51a9a2740;
T_0 ;
    %wait E_000001d51a98c290;
    %load/vec4 v000001d51a9a3020_0;
    %dup/vec4;
    %pushi/vec4 3, 2, 2;
    %cmp/u;
    %jmp/1 T_0.0, 6;
    %dup/vec4;
    %pushi/vec4 0, 0, 2;
    %cmp/u;
    %jmp/1 T_0.1, 6;
    %dup/vec4;
    %pushi/vec4 1, 0, 2;
    %cmp/u;
    %jmp/1 T_0.2, 6;
    %pushi/vec4 15, 15, 4;
    %store/vec4 v000001d51a9891c0_0, 0, 4;
    %jmp T_0.4;
T_0.0 ;
    %load/vec4 v000001d51a9a28d0_0;
    %pushi/vec4 0, 0, 3;
    %cmp/e;
    %flag_get/vec4 4;
    %load/vec4 v000001d51a9a2970_0;
    %pushi/vec4 0, 0, 1;
    %cmp/e;
    %flag_get/vec4 4;
    %and;
    %flag_set/vec4 8;
    %jmp/0xz  T_0.5, 8;
    %pushi/vec4 2, 0, 4;
    %store/vec4 v000001d51a9891c0_0, 0, 4;
    %jmp T_0.6;
T_0.5 ;
    %load/vec4 v000001d51a9a28d0_0;
    %pushi/vec4 0, 0, 3;
    %cmp/e;
    %flag_get/vec4 4;
    %load/vec4 v000001d51a9a2970_0;
    %pushi/vec4 1, 0, 1;
    %cmp/e;
    %flag_get/vec4 4;
    %and;
    %flag_set/vec4 8;
    %jmp/0xz  T_0.7, 8;
    %pushi/vec4 6, 0, 4;
    %store/vec4 v000001d51a9891c0_0, 0, 4;
    %jmp T_0.8;
T_0.7 ;
    %load/vec4 v000001d51a9a28d0_0;
    %cmpi/e 2, 0, 3;
    %jmp/0xz  T_0.9, 4;
    %pushi/vec4 7, 0, 4;
    %store/vec4 v000001d51a9891c0_0, 0, 4;
T_0.9 ;
T_0.8 ;
T_0.6 ;
    %jmp T_0.4;
T_0.1 ;
    %pushi/vec4 2, 0, 4;
    %store/vec4 v000001d51a9891c0_0, 0, 4;
    %jmp T_0.4;
T_0.2 ;
    %pushi/vec4 6, 0, 4;
    %store/vec4 v000001d51a9891c0_0, 0, 4;
    %jmp T_0.4;
T_0.4 ;
    %pop/vec4 1;
    %jmp T_0;
    .thread T_0, $push;
# The file index is used to find the file name in the following table.
:file_names 3;
    "N/A";
    "<interactive>";
    ".\ALU_Ctrl.v";
